{"/Users/weshunt/Documents/React-RN-MiniApps/ReactNative/WesApp/App.js": {"path":"/Users/weshunt/Documents/React-RN-MiniApps/ReactNative/WesApp/App.js","statementMap":{"0":{"start":{"line":7,"column":18},"end":{"line":18,"column":1}}},"fnMap":{},"branchMap":{},"s":{"0":0},"f":{},"b":{},"hash":"86b80895515ed472f17f43b3c69a178897286a8a"}
,"/Users/weshunt/Documents/React-RN-MiniApps/ReactNative/WesApp/src/components/OwnershipSliderCalculator.js": {"path":"/Users/weshunt/Documents/React-RN-MiniApps/ReactNative/WesApp/src/components/OwnershipSliderCalculator.js","statementMap":{"0":{"start":{"line":6,"column":34},"end":{"line":8,"column":1}},"1":{"start":{"line":7,"column":4},"end":{"line":7,"column":123}},"2":{"start":{"line":10,"column":40},"end":{"line":12,"column":1}},"3":{"start":{"line":11,"column":4},"end":{"line":11,"column":56}},"4":{"start":{"line":14,"column":32},"end":{"line":16,"column":1}},"5":{"start":{"line":15,"column":4},"end":{"line":15,"column":53}},"6":{"start":{"line":17,"column":22},"end":{"line":17,"column":24}},"7":{"start":{"line":18,"column":21},"end":{"line":18,"column":22}},"8":{"start":{"line":20,"column":34},"end":{"line":130,"column":1}},"9":{"start":{"line":21,"column":54},"end":{"line":21,"column":65}},"10":{"start":{"line":22,"column":46},"end":{"line":22,"column":57}},"11":{"start":{"line":23,"column":54},"end":{"line":23,"column":65}},"12":{"start":{"line":24,"column":46},"end":{"line":24,"column":57}},"13":{"start":{"line":25,"column":52},"end":{"line":25,"column":63}},"14":{"start":{"line":26,"column":48},"end":{"line":26,"column":59}},"15":{"start":{"line":27,"column":4},"end":{"line":29,"column":7}},"16":{"start":{"line":28,"column":8},"end":{"line":28,"column":101}},"17":{"start":{"line":32,"column":4},"end":{"line":129,"column":5}},"18":{"start":{"line":47,"column":16},"end":{"line":47,"column":155}},"19":{"start":{"line":48,"column":16},"end":{"line":48,"column":51}},"20":{"start":{"line":54,"column":16},"end":{"line":54,"column":155}},"21":{"start":{"line":55,"column":16},"end":{"line":55,"column":51}},"22":{"start":{"line":71,"column":20},"end":{"line":71,"column":88}},"23":{"start":{"line":79,"column":16},"end":{"line":79,"column":135}},"24":{"start":{"line":80,"column":16},"end":{"line":80,"column":51}},"25":{"start":{"line":86,"column":16},"end":{"line":86,"column":153}},"26":{"start":{"line":87,"column":16},"end":{"line":87,"column":51}},"27":{"start":{"line":102,"column":20},"end":{"line":102,"column":87}},"28":{"start":{"line":118,"column":32},"end":{"line":118,"column":49}},"29":{"start":{"line":119,"column":20},"end":{"line":119,"column":46}},"30":{"start":{"line":133,"column":15},"end":{"line":168,"column":2}}},"fnMap":{"0":{"name":"(anonymous_0)","decl":{"start":{"line":6,"column":34},"end":{"line":6,"column":35}},"loc":{"start":{"line":6,"column":90},"end":{"line":8,"column":1}},"line":6},"1":{"name":"(anonymous_1)","decl":{"start":{"line":10,"column":40},"end":{"line":10,"column":41}},"loc":{"start":{"line":10,"column":63},"end":{"line":12,"column":1}},"line":10},"2":{"name":"(anonymous_2)","decl":{"start":{"line":14,"column":32},"end":{"line":14,"column":33}},"loc":{"start":{"line":14,"column":42},"end":{"line":16,"column":1}},"line":14},"3":{"name":"(anonymous_3)","decl":{"start":{"line":20,"column":34},"end":{"line":20,"column":35}},"loc":{"start":{"line":20,"column":94},"end":{"line":130,"column":1}},"line":20},"4":{"name":"(anonymous_4)","decl":{"start":{"line":27,"column":14},"end":{"line":27,"column":15}},"loc":{"start":{"line":27,"column":20},"end":{"line":29,"column":5}},"line":27},"5":{"name":"(anonymous_5)","decl":{"start":{"line":46,"column":43},"end":{"line":46,"column":44}},"loc":{"start":{"line":46,"column":48},"end":{"line":48,"column":52}},"line":46},"6":{"name":"(anonymous_6)","decl":{"start":{"line":53,"column":43},"end":{"line":53,"column":44}},"loc":{"start":{"line":53,"column":49},"end":{"line":55,"column":52}},"line":53},"7":{"name":"(anonymous_7)","decl":{"start":{"line":70,"column":31},"end":{"line":70,"column":32}},"loc":{"start":{"line":70,"column":40},"end":{"line":72,"column":17}},"line":70},"8":{"name":"(anonymous_8)","decl":{"start":{"line":78,"column":43},"end":{"line":78,"column":44}},"loc":{"start":{"line":78,"column":48},"end":{"line":80,"column":52}},"line":78},"9":{"name":"(anonymous_9)","decl":{"start":{"line":85,"column":43},"end":{"line":85,"column":44}},"loc":{"start":{"line":85,"column":49},"end":{"line":87,"column":52}},"line":85},"10":{"name":"(anonymous_10)","decl":{"start":{"line":101,"column":31},"end":{"line":101,"column":32}},"loc":{"start":{"line":101,"column":40},"end":{"line":103,"column":17}},"line":101},"11":{"name":"(anonymous_11)","decl":{"start":{"line":117,"column":35},"end":{"line":117,"column":36}},"loc":{"start":{"line":117,"column":44},"end":{"line":120,"column":17}},"line":117}},"branchMap":{"0":{"loc":{"start":{"line":7,"column":11},"end":{"line":7,"column":123}},"type":"binary-expr","locations":[{"start":{"line":7,"column":12},"end":{"line":7,"column":111}},{"start":{"line":7,"column":116},"end":{"line":7,"column":123}}],"line":7},"1":{"loc":{"start":{"line":47,"column":16},"end":{"line":47,"column":155}},"type":"cond-expr","locations":[{"start":{"line":47,"column":67},"end":{"line":47,"column":99}},{"start":{"line":47,"column":102},"end":{"line":47,"column":155}}],"line":47},"2":{"loc":{"start":{"line":54,"column":16},"end":{"line":54,"column":155}},"type":"cond-expr","locations":[{"start":{"line":54,"column":67},"end":{"line":54,"column":99}},{"start":{"line":54,"column":102},"end":{"line":54,"column":155}}],"line":54},"3":{"loc":{"start":{"line":65,"column":30},"end":{"line":65,"column":45}},"type":"binary-expr","locations":[{"start":{"line":65,"column":30},"end":{"line":65,"column":40}},{"start":{"line":65,"column":44},"end":{"line":65,"column":45}}],"line":65},"4":{"loc":{"start":{"line":66,"column":30},"end":{"line":66,"column":49}},"type":"binary-expr","locations":[{"start":{"line":66,"column":30},"end":{"line":66,"column":40}},{"start":{"line":66,"column":44},"end":{"line":66,"column":49}}],"line":66},"5":{"loc":{"start":{"line":79,"column":16},"end":{"line":79,"column":135}},"type":"cond-expr","locations":[{"start":{"line":79,"column":57},"end":{"line":79,"column":80}},{"start":{"line":79,"column":83},"end":{"line":79,"column":135}}],"line":79},"6":{"loc":{"start":{"line":86,"column":16},"end":{"line":86,"column":153}},"type":"cond-expr","locations":[{"start":{"line":86,"column":66},"end":{"line":86,"column":98}},{"start":{"line":86,"column":101},"end":{"line":86,"column":153}}],"line":86},"7":{"loc":{"start":{"line":97,"column":30},"end":{"line":97,"column":48}},"type":"binary-expr","locations":[{"start":{"line":97,"column":30},"end":{"line":97,"column":40}},{"start":{"line":97,"column":44},"end":{"line":97,"column":48}}],"line":97},"8":{"loc":{"start":{"line":113,"column":30},"end":{"line":113,"column":43}},"type":"binary-expr","locations":[{"start":{"line":113,"column":30},"end":{"line":113,"column":38}},{"start":{"line":113,"column":42},"end":{"line":113,"column":43}}],"line":113}},"s":{"0":0,"1":0,"2":0,"3":0,"4":0,"5":0,"6":0,"7":0,"8":0,"9":0,"10":0,"11":0,"12":0,"13":0,"14":0,"15":0,"16":0,"17":0,"18":0,"19":0,"20":0,"21":0,"22":0,"23":0,"24":0,"25":0,"26":0,"27":0,"28":0,"29":0,"30":0},"f":{"0":0,"1":0,"2":0,"3":0,"4":0,"5":0,"6":0,"7":0,"8":0,"9":0,"10":0,"11":0},"b":{"0":[0,0],"1":[0,0],"2":[0,0],"3":[0,0],"4":[0,0],"5":[0,0],"6":[0,0],"7":[0,0],"8":[0,0]},"hash":"dfae5bfbfe94b611398fa7b1be62664b874f9c95"}
,"/Users/weshunt/Documents/React-RN-MiniApps/ReactNative/WesApp/src/screens/HomeScreen.js": {"path":"/Users/weshunt/Documents/React-RN-MiniApps/ReactNative/WesApp/src/screens/HomeScreen.js","statementMap":{"0":{"start":{"line":5,"column":19},"end":{"line":16,"column":1}},"1":{"start":{"line":6,"column":4},"end":{"line":15,"column":5}},"2":{"start":{"line":8,"column":86},"end":{"line":8,"column":126}},"3":{"start":{"line":11,"column":67},"end":{"line":11,"column":107}},"4":{"start":{"line":18,"column":15},"end":{"line":31,"column":2}}},"fnMap":{"0":{"name":"(anonymous_0)","decl":{"start":{"line":5,"column":19},"end":{"line":5,"column":20}},"loc":{"start":{"line":5,"column":37},"end":{"line":16,"column":1}},"line":5},"1":{"name":"(anonymous_1)","decl":{"start":{"line":8,"column":80},"end":{"line":8,"column":81}},"loc":{"start":{"line":8,"column":86},"end":{"line":8,"column":126}},"line":8},"2":{"name":"(anonymous_2)","decl":{"start":{"line":11,"column":61},"end":{"line":11,"column":62}},"loc":{"start":{"line":11,"column":67},"end":{"line":11,"column":107}},"line":11}},"branchMap":{},"s":{"0":0,"1":0,"2":0,"3":0,"4":0},"f":{"0":0,"1":0,"2":0},"b":{},"hash":"dd02f5e441d606b8b42243beeac3d5854a9863f9"}
,"/Users/weshunt/Documents/React-RN-MiniApps/ReactNative/WesApp/src/screens/QuestionOneScreen.js": {"path":"/Users/weshunt/Documents/React-RN-MiniApps/ReactNative/WesApp/src/screens/QuestionOneScreen.js","statementMap":{"0":{"start":{"line":9,"column":4},"end":{"line":9,"column":51}},"1":{"start":{"line":9,"column":30},"end":{"line":9,"column":49}},"2":{"start":{"line":12,"column":26},"end":{"line":53,"column":1}},"3":{"start":{"line":16,"column":29},"end":{"line":33,"column":5}},"4":{"start":{"line":17,"column":8},"end":{"line":17,"column":28}},"5":{"start":{"line":19,"column":8},"end":{"line":31,"column":9}},"6":{"start":{"line":19,"column":19},"end":{"line":19,"column":20}},"7":{"start":{"line":21,"column":16},"end":{"line":21,"column":60}},"8":{"start":{"line":23,"column":16},"end":{"line":29,"column":18}},"9":{"start":{"line":26,"column":31},"end":{"line":26,"column":59}},"10":{"start":{"line":27,"column":20},"end":{"line":27,"column":75}},"11":{"start":{"line":28,"column":20},"end":{"line":28,"column":41}},"12":{"start":{"line":37,"column":12},"end":{"line":37,"column":44}},"13":{"start":{"line":38,"column":26},"end":{"line":38,"column":35}},"14":{"start":{"line":39,"column":12},"end":{"line":39,"column":55}},"15":{"start":{"line":44,"column":26},"end":{"line":46,"column":5}},"16":{"start":{"line":45,"column":8},"end":{"line":45,"column":52}},"17":{"start":{"line":47,"column":4},"end":{"line":47,"column":44}},"18":{"start":{"line":48,"column":4},"end":{"line":52,"column":5}},"19":{"start":{"line":56,"column":15},"end":{"line":56,"column":36}}},"fnMap":{"0":{"name":"timer","decl":{"start":{"line":8,"column":9},"end":{"line":8,"column":14}},"loc":{"start":{"line":8,"column":19},"end":{"line":10,"column":4}},"line":8},"1":{"name":"(anonymous_1)","decl":{"start":{"line":9,"column":23},"end":{"line":9,"column":24}},"loc":{"start":{"line":9,"column":30},"end":{"line":9,"column":49}},"line":9},"2":{"name":"(anonymous_2)","decl":{"start":{"line":12,"column":26},"end":{"line":12,"column":27}},"loc":{"start":{"line":12,"column":32},"end":{"line":53,"column":1}},"line":12},"3":{"name":"(anonymous_3)","decl":{"start":{"line":16,"column":29},"end":{"line":16,"column":30}},"loc":{"start":{"line":16,"column":79},"end":{"line":33,"column":5}},"line":16},"4":{"name":"(anonymous_4)","decl":{"start":{"line":23,"column":31},"end":{"line":23,"column":32}},"loc":{"start":{"line":23,"column":38},"end":{"line":29,"column":17}},"line":23},"5":{"name":"callBack","decl":{"start":{"line":35,"column":19},"end":{"line":35,"column":27}},"loc":{"start":{"line":35,"column":53},"end":{"line":41,"column":5}},"line":35},"6":{"name":"(anonymous_6)","decl":{"start":{"line":44,"column":26},"end":{"line":44,"column":27}},"loc":{"start":{"line":44,"column":47},"end":{"line":46,"column":5}},"line":44}},"branchMap":{},"s":{"0":0,"1":0,"2":0,"3":0,"4":0,"5":0,"6":0,"7":0,"8":0,"9":0,"10":0,"11":0,"12":0,"13":0,"14":0,"15":0,"16":0,"17":0,"18":0,"19":0},"f":{"0":0,"1":0,"2":0,"3":0,"4":0,"5":0,"6":0},"b":{},"hash":"85e68526fc47af825c361b1d02f251dfd0bd627c"}
,"/Users/weshunt/Documents/React-RN-MiniApps/ReactNative/WesApp/src/screens/QuestionTwoScreen.js": {"path":"/Users/weshunt/Documents/React-RN-MiniApps/ReactNative/WesApp/src/screens/QuestionTwoScreen.js","statementMap":{"0":{"start":{"line":6,"column":26},"end":{"line":24,"column":1}},"1":{"start":{"line":7,"column":54},"end":{"line":7,"column":67}},"2":{"start":{"line":8,"column":54},"end":{"line":8,"column":67}},"3":{"start":{"line":9,"column":52},"end":{"line":9,"column":65}},"4":{"start":{"line":10,"column":48},"end":{"line":10,"column":61}},"5":{"start":{"line":12,"column":4},"end":{"line":23,"column":5}},"6":{"start":{"line":27,"column":15},"end":{"line":49,"column":2}}},"fnMap":{"0":{"name":"(anonymous_0)","decl":{"start":{"line":6,"column":26},"end":{"line":6,"column":27}},"loc":{"start":{"line":6,"column":78},"end":{"line":24,"column":1}},"line":6}},"branchMap":{},"s":{"0":0,"1":0,"2":0,"3":0,"4":0,"5":0,"6":0},"f":{"0":0},"b":{},"hash":"bb094a1319152201254b6b5cefede2b92f42763e"}
}
